<?xml version="1.0" encoding="UTF-8"?>
<!-- Generated by org.testng.reporters.JUnitReportReporter -->
<testsuite hostname="WindowsSlave" failures="0" tests="2" name="com.HelloTest" time="0.015" errors="0" timestamp="2024-03-10T13:03:24 GMT" skipped="0">
  <testcase classname="com.HelloTest" name="f" time="0.015"/>
  <testcase classname="com.HelloTest" name="f2" time="0.000"/>
</testsuite> <!-- com.HelloTest -->
